[17-Dec-2017 16:14:53 UTC] PHP Warning:  Invalid argument supplied for foreach() in /home/ubuntu/workspace/wp-includes/widgets.php on line 1322
[17-Dec-2017 16:14:53 UTC] PHP Stack trace:
[17-Dec-2017 16:14:53 UTC] PHP   1. {main}() /home/ubuntu/workspace/wp-admin/themes.php:0
[17-Dec-2017 16:14:53 UTC] PHP   2. require_once() /home/ubuntu/workspace/wp-admin/themes.php:10
[17-Dec-2017 16:14:53 UTC] PHP   3. require_once() /home/ubuntu/workspace/wp-admin/admin.php:31
[17-Dec-2017 16:14:53 UTC] PHP   4. require_once() /home/ubuntu/workspace/wp-load.php:37
[17-Dec-2017 16:14:53 UTC] PHP   5. require_once() /home/ubuntu/workspace/wp-config.php:92
[17-Dec-2017 16:14:53 UTC] PHP   6. do_action() /home/ubuntu/workspace/wp-settings.php:449
[17-Dec-2017 16:14:53 UTC] PHP   7. WP_Hook->do_action() /home/ubuntu/workspace/wp-includes/plugin.php:453
[17-Dec-2017 16:14:53 UTC] PHP   8. WP_Hook->apply_filters() /home/ubuntu/workspace/wp-includes/class-wp-hook.php:310
[17-Dec-2017 16:14:53 UTC] PHP   9. call_user_func_array:{/home/ubuntu/workspace/wp-includes/class-wp-hook.php:286}() /home/ubuntu/workspace/wp-includes/class-wp-hook.php:286
[17-Dec-2017 16:14:53 UTC] PHP  10. check_theme_switched() /home/ubuntu/workspace/wp-includes/class-wp-hook.php:286
[17-Dec-2017 16:14:53 UTC] PHP  11. do_action() /home/ubuntu/workspace/wp-includes/theme.php:2748
[17-Dec-2017 16:14:53 UTC] PHP  12. WP_Hook->do_action() /home/ubuntu/workspace/wp-includes/plugin.php:453
[17-Dec-2017 16:14:53 UTC] PHP  13. WP_Hook->apply_filters() /home/ubuntu/workspace/wp-includes/class-wp-hook.php:310
[17-Dec-2017 16:14:53 UTC] PHP  14. call_user_func_array:{/home/ubuntu/workspace/wp-includes/class-wp-hook.php:288}() /home/ubuntu/workspace/wp-includes/class-wp-hook.php:288
[17-Dec-2017 16:14:53 UTC] PHP  15. _wp_sidebars_changed() /home/ubuntu/workspace/wp-includes/class-wp-hook.php:288
[17-Dec-2017 16:14:53 UTC] PHP  16. retrieve_widgets() /home/ubuntu/workspace/wp-includes/widgets.php:1114
[17-Dec-2017 16:14:53 UTC] PHP  17. wp_map_sidebars_widgets() /home/ubuntu/workspace/wp-includes/widgets.php:1156
[17-Dec-2017 16:14:53 UTC] PHP Warning:  Invalid argument supplied for foreach() in /home/ubuntu/workspace/wp-includes/widgets.php on line 1322
[17-Dec-2017 16:14:53 UTC] PHP Stack trace:
[17-Dec-2017 16:14:53 UTC] PHP   1. {main}() /home/ubuntu/workspace/wp-admin/themes.php:0
[17-Dec-2017 16:14:53 UTC] PHP   2. require_once() /home/ubuntu/workspace/wp-admin/themes.php:10
[17-Dec-2017 16:14:53 UTC] PHP   3. require_once() /home/ubuntu/workspace/wp-admin/admin.php:31
[17-Dec-2017 16:14:53 UTC] PHP   4. require_once() /home/ubuntu/workspace/wp-load.php:37
[17-Dec-2017 16:14:53 UTC] PHP   5. require_once() /home/ubuntu/workspace/wp-config.php:92
[17-Dec-2017 16:14:53 UTC] PHP   6. do_action() /home/ubuntu/workspace/wp-settings.php:449
[17-Dec-2017 16:14:53 UTC] PHP   7. WP_Hook->do_action() /home/ubuntu/workspace/wp-includes/plugin.php:453
[17-Dec-2017 16:14:53 UTC] PHP   8. WP_Hook->apply_filters() /home/ubuntu/workspace/wp-includes/class-wp-hook.php:310
[17-Dec-2017 16:14:53 UTC] PHP   9. call_user_func_array:{/home/ubuntu/workspace/wp-includes/class-wp-hook.php:286}() /home/ubuntu/workspace/wp-includes/class-wp-hook.php:286
[17-Dec-2017 16:14:53 UTC] PHP  10. check_theme_switched() /home/ubuntu/workspace/wp-includes/class-wp-hook.php:286
[17-Dec-2017 16:14:53 UTC] PHP  11. do_action() /home/ubuntu/workspace/wp-includes/theme.php:2748
[17-Dec-2017 16:14:53 UTC] PHP  12. WP_Hook->do_action() /home/ubuntu/workspace/wp-includes/plugin.php:453
[17-Dec-2017 16:14:53 UTC] PHP  13. WP_Hook->apply_filters() /home/ubuntu/workspace/wp-includes/class-wp-hook.php:310
[17-Dec-2017 16:14:53 UTC] PHP  14. call_user_func_array:{/home/ubuntu/workspace/wp-includes/class-wp-hook.php:288}() /home/ubuntu/workspace/wp-includes/class-wp-hook.php:288
[17-Dec-2017 16:14:53 UTC] PHP  15. _wp_sidebars_changed() /home/ubuntu/workspace/wp-includes/class-wp-hook.php:288
[17-Dec-2017 16:14:53 UTC] PHP  16. retrieve_widgets() /home/ubuntu/workspace/wp-includes/widgets.php:1114
[17-Dec-2017 16:14:53 UTC] PHP  17. wp_map_sidebars_widgets() /home/ubuntu/workspace/wp-includes/widgets.php:1156
[17-Dec-2017 16:14:53 UTC] PHP Warning:  Invalid argument supplied for foreach() in /home/ubuntu/workspace/wp-includes/widgets.php on line 1322
[17-Dec-2017 16:14:53 UTC] PHP Stack trace:
[17-Dec-2017 16:14:53 UTC] PHP   1. {main}() /home/ubuntu/workspace/wp-admin/themes.php:0
[17-Dec-2017 16:14:53 UTC] PHP   2. require_once() /home/ubuntu/workspace/wp-admin/themes.php:10
[17-Dec-2017 16:14:53 UTC] PHP   3. require_once() /home/ubuntu/workspace/wp-admin/admin.php:31
[17-Dec-2017 16:14:53 UTC] PHP   4. require_once() /home/ubuntu/workspace/wp-load.php:37
[17-Dec-2017 16:14:53 UTC] PHP   5. require_once() /home/ubuntu/workspace/wp-config.php:92
[17-Dec-2017 16:14:53 UTC] PHP   6. do_action() /home/ubuntu/workspace/wp-settings.php:449
[17-Dec-2017 16:14:53 UTC] PHP   7. WP_Hook->do_action() /home/ubuntu/workspace/wp-includes/plugin.php:453
[17-Dec-2017 16:14:53 UTC] PHP   8. WP_Hook->apply_filters() /home/ubuntu/workspace/wp-includes/class-wp-hook.php:310
[17-Dec-2017 16:14:53 UTC] PHP   9. call_user_func_array:{/home/ubuntu/workspace/wp-includes/class-wp-hook.php:286}() /home/ubuntu/workspace/wp-includes/class-wp-hook.php:286
[17-Dec-2017 16:14:53 UTC] PHP  10. check_theme_switched() /home/ubuntu/workspace/wp-includes/class-wp-hook.php:286
[17-Dec-2017 16:14:53 UTC] PHP  11. do_action() /home/ubuntu/workspace/wp-includes/theme.php:2748
[17-Dec-2017 16:14:53 UTC] PHP  12. WP_Hook->do_action() /home/ubuntu/workspace/wp-includes/plugin.php:453
[17-Dec-2017 16:14:53 UTC] PHP  13. WP_Hook->apply_filters() /home/ubuntu/workspace/wp-includes/class-wp-hook.php:310
[17-Dec-2017 16:14:53 UTC] PHP  14. call_user_func_array:{/home/ubuntu/workspace/wp-includes/class-wp-hook.php:288}() /home/ubuntu/workspace/wp-includes/class-wp-hook.php:288
[17-Dec-2017 16:14:53 UTC] PHP  15. _wp_sidebars_changed() /home/ubuntu/workspace/wp-includes/class-wp-hook.php:288
[17-Dec-2017 16:14:53 UTC] PHP  16. retrieve_widgets() /home/ubuntu/workspace/wp-includes/widgets.php:1114
[17-Dec-2017 16:14:53 UTC] PHP  17. wp_map_sidebars_widgets() /home/ubuntu/workspace/wp-includes/widgets.php:1156
[17-Dec-2017 16:14:53 UTC] PHP Warning:  Invalid argument supplied for foreach() in /home/ubuntu/workspace/wp-includes/widgets.php on line 1322
[17-Dec-2017 16:14:53 UTC] PHP Stack trace:
[17-Dec-2017 16:14:53 UTC] PHP   1. {main}() /home/ubuntu/workspace/wp-admin/themes.php:0
[17-Dec-2017 16:14:53 UTC] PHP   2. require_once() /home/ubuntu/workspace/wp-admin/themes.php:10
[17-Dec-2017 16:14:53 UTC] PHP   3. require_once() /home/ubuntu/workspace/wp-admin/admin.php:31
[17-Dec-2017 16:14:53 UTC] PHP   4. require_once() /home/ubuntu/workspace/wp-load.php:37
[17-Dec-2017 16:14:53 UTC] PHP   5. require_once() /home/ubuntu/workspace/wp-config.php:92
[17-Dec-2017 16:14:53 UTC] PHP   6. do_action() /home/ubuntu/workspace/wp-settings.php:449
[17-Dec-2017 16:14:53 UTC] PHP   7. WP_Hook->do_action() /home/ubuntu/workspace/wp-includes/plugin.php:453
[17-Dec-2017 16:14:53 UTC] PHP   8. WP_Hook->apply_filters() /home/ubuntu/workspace/wp-includes/class-wp-hook.php:310
[17-Dec-2017 16:14:53 UTC] PHP   9. call_user_func_array:{/home/ubuntu/workspace/wp-includes/class-wp-hook.php:286}() /home/ubuntu/workspace/wp-includes/class-wp-hook.php:286
[17-Dec-2017 16:14:53 UTC] PHP  10. check_theme_switched() /home/ubuntu/workspace/wp-includes/class-wp-hook.php:286
[17-Dec-2017 16:14:53 UTC] PHP  11. do_action() /home/ubuntu/workspace/wp-includes/theme.php:2748
[17-Dec-2017 16:14:53 UTC] PHP  12. WP_Hook->do_action() /home/ubuntu/workspace/wp-includes/plugin.php:453
[17-Dec-2017 16:14:53 UTC] PHP  13. WP_Hook->apply_filters() /home/ubuntu/workspace/wp-includes/class-wp-hook.php:310
[17-Dec-2017 16:14:53 UTC] PHP  14. call_user_func_array:{/home/ubuntu/workspace/wp-includes/class-wp-hook.php:288}() /home/ubuntu/workspace/wp-includes/class-wp-hook.php:288
[17-Dec-2017 16:14:53 UTC] PHP  15. _wp_sidebars_changed() /home/ubuntu/workspace/wp-includes/class-wp-hook.php:288
[17-Dec-2017 16:14:53 UTC] PHP  16. retrieve_widgets() /home/ubuntu/workspace/wp-includes/widgets.php:1114
[17-Dec-2017 16:14:53 UTC] PHP  17. wp_map_sidebars_widgets() /home/ubuntu/workspace/wp-includes/widgets.php:1156
[17-Dec-2017 16:14:53 UTC] PHP Warning:  Invalid argument supplied for foreach() in /home/ubuntu/workspace/wp-includes/widgets.php on line 1322
[17-Dec-2017 16:14:53 UTC] PHP Stack trace:
[17-Dec-2017 16:14:53 UTC] PHP   1. {main}() /home/ubuntu/workspace/wp-admin/themes.php:0
[17-Dec-2017 16:14:53 UTC] PHP   2. require_once() /home/ubuntu/workspace/wp-admin/themes.php:10
[17-Dec-2017 16:14:53 UTC] PHP   3. require_once() /home/ubuntu/workspace/wp-admin/admin.php:31
[17-Dec-2017 16:14:53 UTC] PHP   4. require_once() /home/ubuntu/workspace/wp-load.php:37
[17-Dec-2017 16:14:53 UTC] PHP   5. require_once() /home/ubuntu/workspace/wp-config.php:92
[17-Dec-2017 16:14:53 UTC] PHP   6. do_action() /home/ubuntu/workspace/wp-settings.php:449
[17-Dec-2017 16:14:53 UTC] PHP   7. WP_Hook->do_action() /home/ubuntu/workspace/wp-includes/plugin.php:453
[17-Dec-2017 16:14:53 UTC] PHP   8. WP_Hook->apply_filters() /home/ubuntu/workspace/wp-includes/class-wp-hook.php:310
[17-Dec-2017 16:14:53 UTC] PHP   9. call_user_func_array:{/home/ubuntu/workspace/wp-includes/class-wp-hook.php:286}() /home/ubuntu/workspace/wp-includes/class-wp-hook.php:286
[17-Dec-2017 16:14:53 UTC] PHP  10. check_theme_switched() /home/ubuntu/workspace/wp-includes/class-wp-hook.php:286
[17-Dec-2017 16:14:53 UTC] PHP  11. do_action() /home/ubuntu/workspace/wp-includes/theme.php:2748
[17-Dec-2017 16:14:53 UTC] PHP  12. WP_Hook->do_action() /home/ubuntu/workspace/wp-includes/plugin.php:453
[17-Dec-2017 16:14:53 UTC] PHP  13. WP_Hook->apply_filters() /home/ubuntu/workspace/wp-includes/class-wp-hook.php:310
[17-Dec-2017 16:14:53 UTC] PHP  14. call_user_func_array:{/home/ubuntu/workspace/wp-includes/class-wp-hook.php:288}() /home/ubuntu/workspace/wp-includes/class-wp-hook.php:288
[17-Dec-2017 16:14:53 UTC] PHP  15. _wp_sidebars_changed() /home/ubuntu/workspace/wp-includes/class-wp-hook.php:288
[17-Dec-2017 16:14:53 UTC] PHP  16. retrieve_widgets() /home/ubuntu/workspace/wp-includes/widgets.php:1114
[17-Dec-2017 16:14:53 UTC] PHP  17. wp_map_sidebars_widgets() /home/ubuntu/workspace/wp-includes/widgets.php:1156
[17-Dec-2017 16:14:53 UTC] PHP Warning:  Invalid argument supplied for foreach() in /home/ubuntu/workspace/wp-includes/widgets.php on line 1322
[17-Dec-2017 16:14:53 UTC] PHP Stack trace:
[17-Dec-2017 16:14:53 UTC] PHP   1. {main}() /home/ubuntu/workspace/wp-admin/themes.php:0
[17-Dec-2017 16:14:53 UTC] PHP   2. require_once() /home/ubuntu/workspace/wp-admin/themes.php:10
[17-Dec-2017 16:14:53 UTC] PHP   3. require_once() /home/ubuntu/workspace/wp-admin/admin.php:31
[17-Dec-2017 16:14:53 UTC] PHP   4. require_once() /home/ubuntu/workspace/wp-load.php:37
[17-Dec-2017 16:14:53 UTC] PHP   5. require_once() /home/ubuntu/workspace/wp-config.php:92
[17-Dec-2017 16:14:53 UTC] PHP   6. do_action() /home/ubuntu/workspace/wp-settings.php:449
[17-Dec-2017 16:14:53 UTC] PHP   7. WP_Hook->do_action() /home/ubuntu/workspace/wp-includes/plugin.php:453
[17-Dec-2017 16:14:53 UTC] PHP   8. WP_Hook->apply_filters() /home/ubuntu/workspace/wp-includes/class-wp-hook.php:310
[17-Dec-2017 16:14:53 UTC] PHP   9. call_user_func_array:{/home/ubuntu/workspace/wp-includes/class-wp-hook.php:286}() /home/ubuntu/workspace/wp-includes/class-wp-hook.php:286
[17-Dec-2017 16:14:53 UTC] PHP  10. check_theme_switched() /home/ubuntu/workspace/wp-includes/class-wp-hook.php:286
[17-Dec-2017 16:14:53 UTC] PHP  11. do_action() /home/ubuntu/workspace/wp-includes/theme.php:2748
[17-Dec-2017 16:14:53 UTC] PHP  12. WP_Hook->do_action() /home/ubuntu/workspace/wp-includes/plugin.php:453
[17-Dec-2017 16:14:53 UTC] PHP  13. WP_Hook->apply_filters() /home/ubuntu/workspace/wp-includes/class-wp-hook.php:310
[17-Dec-2017 16:14:53 UTC] PHP  14. call_user_func_array:{/home/ubuntu/workspace/wp-includes/class-wp-hook.php:288}() /home/ubuntu/workspace/wp-includes/class-wp-hook.php:288
[17-Dec-2017 16:14:53 UTC] PHP  15. _wp_sidebars_changed() /home/ubuntu/workspace/wp-includes/class-wp-hook.php:288
[17-Dec-2017 16:14:53 UTC] PHP  16. retrieve_widgets() /home/ubuntu/workspace/wp-includes/widgets.php:1114
[17-Dec-2017 16:14:53 UTC] PHP  17. wp_map_sidebars_widgets() /home/ubuntu/workspace/wp-includes/widgets.php:1156
[17-Dec-2017 16:14:53 UTC] PHP Warning:  Invalid argument supplied for foreach() in /home/ubuntu/workspace/wp-includes/widgets.php on line 1322
[17-Dec-2017 16:14:53 UTC] PHP Stack trace:
[17-Dec-2017 16:14:53 UTC] PHP   1. {main}() /home/ubuntu/workspace/wp-admin/themes.php:0
[17-Dec-2017 16:14:53 UTC] PHP   2. require_once() /home/ubuntu/workspace/wp-admin/themes.php:10
[17-Dec-2017 16:14:53 UTC] PHP   3. require_once() /home/ubuntu/workspace/wp-admin/admin.php:31
[17-Dec-2017 16:14:53 UTC] PHP   4. require_once() /home/ubuntu/workspace/wp-load.php:37
[17-Dec-2017 16:14:53 UTC] PHP   5. require_once() /home/ubuntu/workspace/wp-config.php:92
[17-Dec-2017 16:14:53 UTC] PHP   6. do_action() /home/ubuntu/workspace/wp-settings.php:449
[17-Dec-2017 16:14:53 UTC] PHP   7. WP_Hook->do_action() /home/ubuntu/workspace/wp-includes/plugin.php:453
[17-Dec-2017 16:14:53 UTC] PHP   8. WP_Hook->apply_filters() /home/ubuntu/workspace/wp-includes/class-wp-hook.php:310
[17-Dec-2017 16:14:53 UTC] PHP   9. call_user_func_array:{/home/ubuntu/workspace/wp-includes/class-wp-hook.php:286}() /home/ubuntu/workspace/wp-includes/class-wp-hook.php:286
[17-Dec-2017 16:14:53 UTC] PHP  10. check_theme_switched() /home/ubuntu/workspace/wp-includes/class-wp-hook.php:286
[17-Dec-2017 16:14:53 UTC] PHP  11. do_action() /home/ubuntu/workspace/wp-includes/theme.php:2748
[17-Dec-2017 16:14:53 UTC] PHP  12. WP_Hook->do_action() /home/ubuntu/workspace/wp-includes/plugin.php:453
[17-Dec-2017 16:14:53 UTC] PHP  13. WP_Hook->apply_filters() /home/ubuntu/workspace/wp-includes/class-wp-hook.php:310
[17-Dec-2017 16:14:53 UTC] PHP  14. call_user_func_array:{/home/ubuntu/workspace/wp-includes/class-wp-hook.php:288}() /home/ubuntu/workspace/wp-includes/class-wp-hook.php:288
[17-Dec-2017 16:14:53 UTC] PHP  15. _wp_sidebars_changed() /home/ubuntu/workspace/wp-includes/class-wp-hook.php:288
[17-Dec-2017 16:14:53 UTC] PHP  16. retrieve_widgets() /home/ubuntu/workspace/wp-includes/widgets.php:1114
[17-Dec-2017 16:14:53 UTC] PHP  17. wp_map_sidebars_widgets() /home/ubuntu/workspace/wp-includes/widgets.php:1156
[17-Dec-2017 16:14:53 UTC] PHP Warning:  Invalid argument supplied for foreach() in /home/ubuntu/workspace/wp-includes/widgets.php on line 1322
[17-Dec-2017 16:14:53 UTC] PHP Stack trace:
[17-Dec-2017 16:14:53 UTC] PHP   1. {main}() /home/ubuntu/workspace/wp-admin/themes.php:0
[17-Dec-2017 16:14:53 UTC] PHP   2. require_once() /home/ubuntu/workspace/wp-admin/themes.php:10
[17-Dec-2017 16:14:53 UTC] PHP   3. require_once() /home/ubuntu/workspace/wp-admin/admin.php:31
[17-Dec-2017 16:14:53 UTC] PHP   4. require_once() /home/ubuntu/workspace/wp-load.php:37
[17-Dec-2017 16:14:53 UTC] PHP   5. require_once() /home/ubuntu/workspace/wp-config.php:92
[17-Dec-2017 16:14:53 UTC] PHP   6. do_action() /home/ubuntu/workspace/wp-settings.php:449
[17-Dec-2017 16:14:53 UTC] PHP   7. WP_Hook->do_action() /home/ubuntu/workspace/wp-includes/plugin.php:453
[17-Dec-2017 16:14:53 UTC] PHP   8. WP_Hook->apply_filters() /home/ubuntu/workspace/wp-includes/class-wp-hook.php:310
[17-Dec-2017 16:14:53 UTC] PHP   9. call_user_func_array:{/home/ubuntu/workspace/wp-includes/class-wp-hook.php:286}() /home/ubuntu/workspace/wp-includes/class-wp-hook.php:286
[17-Dec-2017 16:14:53 UTC] PHP  10. check_theme_switched() /home/ubuntu/workspace/wp-includes/class-wp-hook.php:286
[17-Dec-2017 16:14:53 UTC] PHP  11. do_action() /home/ubuntu/workspace/wp-includes/theme.php:2748
[17-Dec-2017 16:14:53 UTC] PHP  12. WP_Hook->do_action() /home/ubuntu/workspace/wp-includes/plugin.php:453
[17-Dec-2017 16:14:53 UTC] PHP  13. WP_Hook->apply_filters() /home/ubuntu/workspace/wp-includes/class-wp-hook.php:310
[17-Dec-2017 16:14:53 UTC] PHP  14. call_user_func_array:{/home/ubuntu/workspace/wp-includes/class-wp-hook.php:288}() /home/ubuntu/workspace/wp-includes/class-wp-hook.php:288
[17-Dec-2017 16:14:53 UTC] PHP  15. _wp_sidebars_changed() /home/ubuntu/workspace/wp-includes/class-wp-hook.php:288
[17-Dec-2017 16:14:53 UTC] PHP  16. retrieve_widgets() /home/ubuntu/workspace/wp-includes/widgets.php:1114
[17-Dec-2017 16:14:53 UTC] PHP  17. wp_map_sidebars_widgets() /home/ubuntu/workspace/wp-includes/widgets.php:1156
[17-Dec-2017 16:14:53 UTC] PHP Warning:  Invalid argument supplied for foreach() in /home/ubuntu/workspace/wp-includes/widgets.php on line 1322
[17-Dec-2017 16:14:53 UTC] PHP Stack trace:
[17-Dec-2017 16:14:53 UTC] PHP   1. {main}() /home/ubuntu/workspace/wp-admin/themes.php:0
[17-Dec-2017 16:14:53 UTC] PHP   2. require_once() /home/ubuntu/workspace/wp-admin/themes.php:10
[17-Dec-2017 16:14:53 UTC] PHP   3. require_once() /home/ubuntu/workspace/wp-admin/admin.php:31
[17-Dec-2017 16:14:53 UTC] PHP   4. require_once() /home/ubuntu/workspace/wp-load.php:37
[17-Dec-2017 16:14:53 UTC] PHP   5. require_once() /home/ubuntu/workspace/wp-config.php:92
[17-Dec-2017 16:14:53 UTC] PHP   6. do_action() /home/ubuntu/workspace/wp-settings.php:449
[17-Dec-2017 16:14:53 UTC] PHP   7. WP_Hook->do_action() /home/ubuntu/workspace/wp-includes/plugin.php:453
[17-Dec-2017 16:14:53 UTC] PHP   8. WP_Hook->apply_filters() /home/ubuntu/workspace/wp-includes/class-wp-hook.php:310
[17-Dec-2017 16:14:53 UTC] PHP   9. call_user_func_array:{/home/ubuntu/workspace/wp-includes/class-wp-hook.php:286}() /home/ubuntu/workspace/wp-includes/class-wp-hook.php:286
[17-Dec-2017 16:14:53 UTC] PHP  10. check_theme_switched() /home/ubuntu/workspace/wp-includes/class-wp-hook.php:286
[17-Dec-2017 16:14:53 UTC] PHP  11. do_action() /home/ubuntu/workspace/wp-includes/theme.php:2748
[17-Dec-2017 16:14:53 UTC] PHP  12. WP_Hook->do_action() /home/ubuntu/workspace/wp-includes/plugin.php:453
[17-Dec-2017 16:14:53 UTC] PHP  13. WP_Hook->apply_filters() /home/ubuntu/workspace/wp-includes/class-wp-hook.php:310
[17-Dec-2017 16:14:53 UTC] PHP  14. call_user_func_array:{/home/ubuntu/workspace/wp-includes/class-wp-hook.php:288}() /home/ubuntu/workspace/wp-includes/class-wp-hook.php:288
[17-Dec-2017 16:14:53 UTC] PHP  15. _wp_sidebars_changed() /home/ubuntu/workspace/wp-includes/class-wp-hook.php:288
[17-Dec-2017 16:14:53 UTC] PHP  16. retrieve_widgets() /home/ubuntu/workspace/wp-includes/widgets.php:1114
[17-Dec-2017 16:14:53 UTC] PHP  17. wp_map_sidebars_widgets() /home/ubuntu/workspace/wp-includes/widgets.php:1156
[17-Dec-2017 16:14:53 UTC] PHP Warning:  Invalid argument supplied for foreach() in /home/ubuntu/workspace/wp-includes/widgets.php on line 1322
[17-Dec-2017 16:14:53 UTC] PHP Stack trace:
[17-Dec-2017 16:14:53 UTC] PHP   1. {main}() /home/ubuntu/workspace/wp-admin/themes.php:0
[17-Dec-2017 16:14:53 UTC] PHP   2. require_once() /home/ubuntu/workspace/wp-admin/themes.php:10
[17-Dec-2017 16:14:53 UTC] PHP   3. require_once() /home/ubuntu/workspace/wp-admin/admin.php:31
[17-Dec-2017 16:14:53 UTC] PHP   4. require_once() /home/ubuntu/workspace/wp-load.php:37
[17-Dec-2017 16:14:53 UTC] PHP   5. require_once() /home/ubuntu/workspace/wp-config.php:92
[17-Dec-2017 16:14:53 UTC] PHP   6. do_action() /home/ubuntu/workspace/wp-settings.php:449
[17-Dec-2017 16:14:53 UTC] PHP   7. WP_Hook->do_action() /home/ubuntu/workspace/wp-includes/plugin.php:453
[17-Dec-2017 16:14:53 UTC] PHP   8. WP_Hook->apply_filters() /home/ubuntu/workspace/wp-includes/class-wp-hook.php:310
[17-Dec-2017 16:14:53 UTC] PHP   9. call_user_func_array:{/home/ubuntu/workspace/wp-includes/class-wp-hook.php:286}() /home/ubuntu/workspace/wp-includes/class-wp-hook.php:286
[17-Dec-2017 16:14:53 UTC] PHP  10. check_theme_switched() /home/ubuntu/workspace/wp-includes/class-wp-hook.php:286
[17-Dec-2017 16:14:53 UTC] PHP  11. do_action() /home/ubuntu/workspace/wp-includes/theme.php:2748
[17-Dec-2017 16:14:53 UTC] PHP  12. WP_Hook->do_action() /home/ubuntu/workspace/wp-includes/plugin.php:453
[17-Dec-2017 16:14:53 UTC] PHP  13. WP_Hook->apply_filters() /home/ubuntu/workspace/wp-includes/class-wp-hook.php:310
[17-Dec-2017 16:14:53 UTC] PHP  14. call_user_func_array:{/home/ubuntu/workspace/wp-includes/class-wp-hook.php:288}() /home/ubuntu/workspace/wp-includes/class-wp-hook.php:288
[17-Dec-2017 16:14:53 UTC] PHP  15. _wp_sidebars_changed() /home/ubuntu/workspace/wp-includes/class-wp-hook.php:288
[17-Dec-2017 16:14:53 UTC] PHP  16. retrieve_widgets() /home/ubuntu/workspace/wp-includes/widgets.php:1114
[17-Dec-2017 16:14:53 UTC] PHP  17. wp_map_sidebars_widgets() /home/ubuntu/workspace/wp-includes/widgets.php:1156
[17-Dec-2017 16:14:53 UTC] PHP Warning:  Invalid argument supplied for foreach() in /home/ubuntu/workspace/wp-includes/widgets.php on line 1322
[17-Dec-2017 16:14:53 UTC] PHP Stack trace:
[17-Dec-2017 16:14:53 UTC] PHP   1. {main}() /home/ubuntu/workspace/wp-admin/themes.php:0
[17-Dec-2017 16:14:53 UTC] PHP   2. require_once() /home/ubuntu/workspace/wp-admin/themes.php:10
[17-Dec-2017 16:14:53 UTC] PHP   3. require_once() /home/ubuntu/workspace/wp-admin/admin.php:31
[17-Dec-2017 16:14:53 UTC] PHP   4. require_once() /home/ubuntu/workspace/wp-load.php:37
[17-Dec-2017 16:14:53 UTC] PHP   5. require_once() /home/ubuntu/workspace/wp-config.php:92
[17-Dec-2017 16:14:53 UTC] PHP   6. do_action() /home/ubuntu/workspace/wp-settings.php:449
[17-Dec-2017 16:14:53 UTC] PHP   7. WP_Hook->do_action() /home/ubuntu/workspace/wp-includes/plugin.php:453
[17-Dec-2017 16:14:53 UTC] PHP   8. WP_Hook->apply_filters() /home/ubuntu/workspace/wp-includes/class-wp-hook.php:310
[17-Dec-2017 16:14:53 UTC] PHP   9. call_user_func_array:{/home/ubuntu/workspace/wp-includes/class-wp-hook.php:286}() /home/ubuntu/workspace/wp-includes/class-wp-hook.php:286
[17-Dec-2017 16:14:53 UTC] PHP  10. check_theme_switched() /home/ubuntu/workspace/wp-includes/class-wp-hook.php:286
[17-Dec-2017 16:14:53 UTC] PHP  11. do_action() /home/ubuntu/workspace/wp-includes/theme.php:2748
[17-Dec-2017 16:14:53 UTC] PHP  12. WP_Hook->do_action() /home/ubuntu/workspace/wp-includes/plugin.php:453
[17-Dec-2017 16:14:53 UTC] PHP  13. WP_Hook->apply_filters() /home/ubuntu/workspace/wp-includes/class-wp-hook.php:310
[17-Dec-2017 16:14:53 UTC] PHP  14. call_user_func_array:{/home/ubuntu/workspace/wp-includes/class-wp-hook.php:288}() /home/ubuntu/workspace/wp-includes/class-wp-hook.php:288
[17-Dec-2017 16:14:53 UTC] PHP  15. _wp_sidebars_changed() /home/ubuntu/workspace/wp-includes/class-wp-hook.php:288
[17-Dec-2017 16:14:53 UTC] PHP  16. retrieve_widgets() /home/ubuntu/workspace/wp-includes/widgets.php:1114
[17-Dec-2017 16:14:53 UTC] PHP  17. wp_map_sidebars_widgets() /home/ubuntu/workspace/wp-includes/widgets.php:1156
[17-Dec-2017 16:14:53 UTC] PHP Warning:  Invalid argument supplied for foreach() in /home/ubuntu/workspace/wp-includes/widgets.php on line 1322
[17-Dec-2017 16:14:53 UTC] PHP Stack trace:
[17-Dec-2017 16:14:53 UTC] PHP   1. {main}() /home/ubuntu/workspace/wp-admin/themes.php:0
[17-Dec-2017 16:14:53 UTC] PHP   2. require_once() /home/ubuntu/workspace/wp-admin/themes.php:10
[17-Dec-2017 16:14:53 UTC] PHP   3. require_once() /home/ubuntu/workspace/wp-admin/admin.php:31
[17-Dec-2017 16:14:53 UTC] PHP   4. require_once() /home/ubuntu/workspace/wp-load.php:37
[17-Dec-2017 16:14:53 UTC] PHP   5. require_once() /home/ubuntu/workspace/wp-config.php:92
[17-Dec-2017 16:14:53 UTC] PHP   6. do_action() /home/ubuntu/workspace/wp-settings.php:449
[17-Dec-2017 16:14:53 UTC] PHP   7. WP_Hook->do_action() /home/ubuntu/workspace/wp-includes/plugin.php:453
[17-Dec-2017 16:14:53 UTC] PHP   8. WP_Hook->apply_filters() /home/ubuntu/workspace/wp-includes/class-wp-hook.php:310
[17-Dec-2017 16:14:53 UTC] PHP   9. call_user_func_array:{/home/ubuntu/workspace/wp-includes/class-wp-hook.php:286}() /home/ubuntu/workspace/wp-includes/class-wp-hook.php:286
[17-Dec-2017 16:14:53 UTC] PHP  10. check_theme_switched() /home/ubuntu/workspace/wp-includes/class-wp-hook.php:286
[17-Dec-2017 16:14:53 UTC] PHP  11. do_action() /home/ubuntu/workspace/wp-includes/theme.php:2748
[17-Dec-2017 16:14:53 UTC] PHP  12. WP_Hook->do_action() /home/ubuntu/workspace/wp-includes/plugin.php:453
[17-Dec-2017 16:14:53 UTC] PHP  13. WP_Hook->apply_filters() /home/ubuntu/workspace/wp-includes/class-wp-hook.php:310
[17-Dec-2017 16:14:53 UTC] PHP  14. call_user_func_array:{/home/ubuntu/workspace/wp-includes/class-wp-hook.php:288}() /home/ubuntu/workspace/wp-includes/class-wp-hook.php:288
[17-Dec-2017 16:14:53 UTC] PHP  15. _wp_sidebars_changed() /home/ubuntu/workspace/wp-includes/class-wp-hook.php:288
[17-Dec-2017 16:14:53 UTC] PHP  16. retrieve_widgets() /home/ubuntu/workspace/wp-includes/widgets.php:1114
[17-Dec-2017 16:14:53 UTC] PHP  17. wp_map_sidebars_widgets() /home/ubuntu/workspace/wp-includes/widgets.php:1156
[17-Dec-2017 16:14:53 UTC] PHP Warning:  array_merge(): Argument #5 is not an array in /home/ubuntu/workspace/wp-includes/widgets.php on line 1159
[17-Dec-2017 16:14:53 UTC] PHP Stack trace:
[17-Dec-2017 16:14:53 UTC] PHP   1. {main}() /home/ubuntu/workspace/wp-admin/themes.php:0
[17-Dec-2017 16:14:53 UTC] PHP   2. require_once() /home/ubuntu/workspace/wp-admin/themes.php:10
[17-Dec-2017 16:14:53 UTC] PHP   3. require_once() /home/ubuntu/workspace/wp-admin/admin.php:31
[17-Dec-2017 16:14:53 UTC] PHP   4. require_once() /home/ubuntu/workspace/wp-load.php:37
[17-Dec-2017 16:14:53 UTC] PHP   5. require_once() /home/ubuntu/workspace/wp-config.php:92
[17-Dec-2017 16:14:53 UTC] PHP   6. do_action() /home/ubuntu/workspace/wp-settings.php:449
[17-Dec-2017 16:14:53 UTC] PHP   7. WP_Hook->do_action() /home/ubuntu/workspace/wp-includes/plugin.php:453
[17-Dec-2017 16:14:53 UTC] PHP   8. WP_Hook->apply_filters() /home/ubuntu/workspace/wp-includes/class-wp-hook.php:310
[17-Dec-2017 16:14:53 UTC] PHP   9. call_user_func_array:{/home/ubuntu/workspace/wp-includes/class-wp-hook.php:286}() /home/ubuntu/workspace/wp-includes/class-wp-hook.php:286
[17-Dec-2017 16:14:53 UTC] PHP  10. check_theme_switched() /home/ubuntu/workspace/wp-includes/class-wp-hook.php:286
[17-Dec-2017 16:14:53 UTC] PHP  11. do_action() /home/ubuntu/workspace/wp-includes/theme.php:2748
[17-Dec-2017 16:14:53 UTC] PHP  12. WP_Hook->do_action() /home/ubuntu/workspace/wp-includes/plugin.php:453
[17-Dec-2017 16:14:53 UTC] PHP  13. WP_Hook->apply_filters() /home/ubuntu/workspace/wp-includes/class-wp-hook.php:310
[17-Dec-2017 16:14:53 UTC] PHP  14. call_user_func_array:{/home/ubuntu/workspace/wp-includes/class-wp-hook.php:288}() /home/ubuntu/workspace/wp-includes/class-wp-hook.php:288
[17-Dec-2017 16:14:53 UTC] PHP  15. _wp_sidebars_changed() /home/ubuntu/workspace/wp-includes/class-wp-hook.php:288
[17-Dec-2017 16:14:53 UTC] PHP  16. retrieve_widgets() /home/ubuntu/workspace/wp-includes/widgets.php:1114
[17-Dec-2017 16:14:53 UTC] PHP  17. call_user_func_array:{/home/ubuntu/workspace/wp-includes/widgets.php:1159}() /home/ubuntu/workspace/wp-includes/widgets.php:1159
[17-Dec-2017 16:14:53 UTC] PHP  18. array_merge() /home/ubuntu/workspace/wp-includes/widgets.php:1159
[17-Dec-2017 16:14:53 UTC] PHP Warning:  array_diff(): Argument #2 is not an array in /home/ubuntu/workspace/wp-includes/widgets.php on line 1160
[17-Dec-2017 16:14:53 UTC] PHP Stack trace:
[17-Dec-2017 16:14:53 UTC] PHP   1. {main}() /home/ubuntu/workspace/wp-admin/themes.php:0
[17-Dec-2017 16:14:53 UTC] PHP   2. require_once() /home/ubuntu/workspace/wp-admin/themes.php:10
[17-Dec-2017 16:14:53 UTC] PHP   3. require_once() /home/ubuntu/workspace/wp-admin/admin.php:31
[17-Dec-2017 16:14:53 UTC] PHP   4. require_once() /home/ubuntu/workspace/wp-load.php:37
[17-Dec-2017 16:14:53 UTC] PHP   5. require_once() /home/ubuntu/workspace/wp-config.php:92
[17-Dec-2017 16:14:53 UTC] PHP   6. do_action() /home/ubuntu/workspace/wp-settings.php:449
[17-Dec-2017 16:14:53 UTC] PHP   7. WP_Hook->do_action() /home/ubuntu/workspace/wp-includes/plugin.php:453
[17-Dec-2017 16:14:53 UTC] PHP   8. WP_Hook->apply_filters() /home/ubuntu/workspace/wp-includes/class-wp-hook.php:310
[17-Dec-2017 16:14:53 UTC] PHP   9. call_user_func_array:{/home/ubuntu/workspace/wp-includes/class-wp-hook.php:286}() /home/ubuntu/workspace/wp-includes/class-wp-hook.php:286
[17-Dec-2017 16:14:53 UTC] PHP  10. check_theme_switched() /home/ubuntu/workspace/wp-includes/class-wp-hook.php:286
[17-Dec-2017 16:14:53 UTC] PHP  11. do_action() /home/ubuntu/workspace/wp-includes/theme.php:2748
[17-Dec-2017 16:14:53 UTC] PHP  12. WP_Hook->do_action() /home/ubuntu/workspace/wp-includes/plugin.php:453
[17-Dec-2017 16:14:53 UTC] PHP  13. WP_Hook->apply_filters() /home/ubuntu/workspace/wp-includes/class-wp-hook.php:310
[17-Dec-2017 16:14:53 UTC] PHP  14. call_user_func_array:{/home/ubuntu/workspace/wp-includes/class-wp-hook.php:288}() /home/ubuntu/workspace/wp-includes/class-wp-hook.php:288
[17-Dec-2017 16:14:53 UTC] PHP  15. _wp_sidebars_changed() /home/ubuntu/workspace/wp-includes/class-wp-hook.php:288
[17-Dec-2017 16:14:53 UTC] PHP  16. retrieve_widgets() /home/ubuntu/workspace/wp-includes/widgets.php:1114
[17-Dec-2017 16:14:53 UTC] PHP  17. array_diff() /home/ubuntu/workspace/wp-includes/widgets.php:1160
[17-Dec-2017 16:14:53 UTC] PHP Warning:  Invalid argument supplied for foreach() in /home/ubuntu/workspace/wp-includes/widgets.php on line 1162
[17-Dec-2017 16:14:53 UTC] PHP Stack trace:
[17-Dec-2017 16:14:53 UTC] PHP   1. {main}() /home/ubuntu/workspace/wp-admin/themes.php:0
[17-Dec-2017 16:14:53 UTC] PHP   2. require_once() /home/ubuntu/workspace/wp-admin/themes.php:10
[17-Dec-2017 16:14:53 UTC] PHP   3. require_once() /home/ubuntu/workspace/wp-admin/admin.php:31
[17-Dec-2017 16:14:53 UTC] PHP   4. require_once() /home/ubuntu/workspace/wp-load.php:37
[17-Dec-2017 16:14:53 UTC] PHP   5. require_once() /home/ubuntu/workspace/wp-config.php:92
[17-Dec-2017 16:14:53 UTC] PHP   6. do_action() /home/ubuntu/workspace/wp-settings.php:449
[17-Dec-2017 16:14:53 UTC] PHP   7. WP_Hook->do_action() /home/ubuntu/workspace/wp-includes/plugin.php:453
[17-Dec-2017 16:14:53 UTC] PHP   8. WP_Hook->apply_filters() /home/ubuntu/workspace/wp-includes/class-wp-hook.php:310
[17-Dec-2017 16:14:53 UTC] PHP   9. call_user_func_array:{/home/ubuntu/workspace/wp-includes/class-wp-hook.php:286}() /home/ubuntu/workspace/wp-includes/class-wp-hook.php:286
[17-Dec-2017 16:14:53 UTC] PHP  10. check_theme_switched() /home/ubuntu/workspace/wp-includes/class-wp-hook.php:286
[17-Dec-2017 16:14:53 UTC] PHP  11. do_action() /home/ubuntu/workspace/wp-includes/theme.php:2748
[17-Dec-2017 16:14:53 UTC] PHP  12. WP_Hook->do_action() /home/ubuntu/workspace/wp-includes/plugin.php:453
[17-Dec-2017 16:14:53 UTC] PHP  13. WP_Hook->apply_filters() /home/ubuntu/workspace/wp-includes/class-wp-hook.php:310
[17-Dec-2017 16:14:53 UTC] PHP  14. call_user_func_array:{/home/ubuntu/workspace/wp-includes/class-wp-hook.php:288}() /home/ubuntu/workspace/wp-includes/class-wp-hook.php:288
[17-Dec-2017 16:14:53 UTC] PHP  15. _wp_sidebars_changed() /home/ubuntu/workspace/wp-includes/class-wp-hook.php:288
[17-Dec-2017 16:14:53 UTC] PHP  16. retrieve_widgets() /home/ubuntu/workspace/wp-includes/widgets.php:1114
[17-Dec-2017 16:14:53 UTC] PHP Warning:  array_merge(): Argument #1 is not an array in /home/ubuntu/workspace/wp-includes/widgets.php on line 1170
[17-Dec-2017 16:14:53 UTC] PHP Stack trace:
[17-Dec-2017 16:14:53 UTC] PHP   1. {main}() /home/ubuntu/workspace/wp-admin/themes.php:0
[17-Dec-2017 16:14:53 UTC] PHP   2. require_once() /home/ubuntu/workspace/wp-admin/themes.php:10
[17-Dec-2017 16:14:53 UTC] PHP   3. require_once() /home/ubuntu/workspace/wp-admin/admin.php:31
[17-Dec-2017 16:14:53 UTC] PHP   4. require_once() /home/ubuntu/workspace/wp-load.php:37
[17-Dec-2017 16:14:53 UTC] PHP   5. require_once() /home/ubuntu/workspace/wp-config.php:92
[17-Dec-2017 16:14:53 UTC] PHP   6. do_action() /home/ubuntu/workspace/wp-settings.php:449
[17-Dec-2017 16:14:53 UTC] PHP   7. WP_Hook->do_action() /home/ubuntu/workspace/wp-includes/plugin.php:453
[17-Dec-2017 16:14:53 UTC] PHP   8. WP_Hook->apply_filters() /home/ubuntu/workspace/wp-includes/class-wp-hook.php:310
[17-Dec-2017 16:14:53 UTC] PHP   9. call_user_func_array:{/home/ubuntu/workspace/wp-includes/class-wp-hook.php:286}() /home/ubuntu/workspace/wp-includes/class-wp-hook.php:286
[17-Dec-2017 16:14:53 UTC] PHP  10. check_theme_switched() /home/ubuntu/workspace/wp-includes/class-wp-hook.php:286
[17-Dec-2017 16:14:53 UTC] PHP  11. do_action() /home/ubuntu/workspace/wp-includes/theme.php:2748
[17-Dec-2017 16:14:53 UTC] PHP  12. WP_Hook->do_action() /home/ubuntu/workspace/wp-includes/plugin.php:453
[17-Dec-2017 16:14:53 UTC] PHP  13. WP_Hook->apply_filters() /home/ubuntu/workspace/wp-includes/class-wp-hook.php:310
[17-Dec-2017 16:14:53 UTC] PHP  14. call_user_func_array:{/home/ubuntu/workspace/wp-includes/class-wp-hook.php:288}() /home/ubuntu/workspace/wp-includes/class-wp-hook.php:288
[17-Dec-2017 16:14:53 UTC] PHP  15. _wp_sidebars_changed() /home/ubuntu/workspace/wp-includes/class-wp-hook.php:288
[17-Dec-2017 16:14:53 UTC] PHP  16. retrieve_widgets() /home/ubuntu/workspace/wp-includes/widgets.php:1114
[17-Dec-2017 16:14:53 UTC] PHP  17. array_merge() /home/ubuntu/workspace/wp-includes/widgets.php:1170
[17-Dec-2017 16:14:54 UTC] PHP Warning:  Cannot modify header information - headers already sent by (output started at /home/ubuntu/workspace/wp-includes/widgets.php:1322) in /home/ubuntu/workspace/wp-admin/includes/misc.php on line 1114
[17-Dec-2017 16:14:54 UTC] PHP Stack trace:
[17-Dec-2017 16:14:54 UTC] PHP   1. {main}() /home/ubuntu/workspace/wp-admin/themes.php:0
[17-Dec-2017 16:14:54 UTC] PHP   2. require_once() /home/ubuntu/workspace/wp-admin/themes.php:10
[17-Dec-2017 16:14:54 UTC] PHP   3. do_action() /home/ubuntu/workspace/wp-admin/admin.php:156
[17-Dec-2017 16:14:54 UTC] PHP   4. WP_Hook->do_action() /home/ubuntu/workspace/wp-includes/plugin.php:453
[17-Dec-2017 16:14:54 UTC] PHP   5. WP_Hook->apply_filters() /home/ubuntu/workspace/wp-includes/class-wp-hook.php:310
[17-Dec-2017 16:14:54 UTC] PHP   6. call_user_func_array:{/home/ubuntu/workspace/wp-includes/class-wp-hook.php:286}() /home/ubuntu/workspace/wp-includes/class-wp-hook.php:286
[17-Dec-2017 16:14:54 UTC] PHP   7. wp_admin_headers() /home/ubuntu/workspace/wp-includes/class-wp-hook.php:286
[17-Dec-2017 16:14:54 UTC] PHP   8. header() /home/ubuntu/workspace/wp-admin/includes/misc.php:1114
